[20-Apr-2021 06:46:55 UTC] PHP Parse error:  syntax error, unexpected 'date' (T_STRING) in C:\Users\RPC45\Local Sites\my-site\app\public\wp-content\themes\my_blog\index.php on line 28
[20-Apr-2021 06:47:52 UTC] PHP Fatal error:  Exception thrown without a stack frame in Unknown on line 0
[20-Apr-2021 06:47:55 UTC] PHP Parse error:  syntax error, unexpected 'date' (T_STRING) in C:\Users\RPC45\Local Sites\my-site\app\public\wp-content\themes\my_blog\index.php on line 28
[20-Apr-2021 06:47:57 UTC] PHP Fatal error:  Exception thrown without a stack frame in Unknown on line 0
[20-Apr-2021 06:48:43 UTC] PHP Parse error:  syntax error, unexpected 'date' (T_STRING) in C:\Users\RPC45\Local Sites\my-site\app\public\wp-content\themes\my_blog\index.php on line 28
[20-Apr-2021 06:48:45 UTC] PHP Fatal error:  Exception thrown without a stack frame in Unknown on line 0
[22-Apr-2021 04:08:45 UTC] PHP Warning:  Use of undefined constant Y - assumed 'Y' (this will throw an Error in a future version of PHP) in C:\Users\RPC45\Local Sites\my-site\app\public\wp-content\themes\my_blog\index.php on line 92
[22-Apr-2021 04:08:45 UTC] PHP Stack trace:
[22-Apr-2021 04:08:45 UTC] PHP   1. {main}() C:\Users\RPC45\Local Sites\my-site\app\public\index.php:0
[22-Apr-2021 04:08:45 UTC] PHP   2. require() C:\Users\RPC45\Local Sites\my-site\app\public\index.php:17
[22-Apr-2021 04:08:45 UTC] PHP   3. require_once() C:\Users\RPC45\Local Sites\my-site\app\public\wp-blog-header.php:19
[22-Apr-2021 04:08:45 UTC] PHP   4. include() C:\Users\RPC45\Local Sites\my-site\app\public\wp-includes\template-loader.php:106
[22-Apr-2021 04:08:45 UTC] PHP Warning:  Use of undefined constant M - assumed 'M' (this will throw an Error in a future version of PHP) in C:\Users\RPC45\Local Sites\my-site\app\public\wp-content\themes\my_blog\index.php on line 92
[22-Apr-2021 04:08:45 UTC] PHP Stack trace:
[22-Apr-2021 04:08:45 UTC] PHP   1. {main}() C:\Users\RPC45\Local Sites\my-site\app\public\index.php:0
[22-Apr-2021 04:08:45 UTC] PHP   2. require() C:\Users\RPC45\Local Sites\my-site\app\public\index.php:17
[22-Apr-2021 04:08:45 UTC] PHP   3. require_once() C:\Users\RPC45\Local Sites\my-site\app\public\wp-blog-header.php:19
[22-Apr-2021 04:08:45 UTC] PHP   4. include() C:\Users\RPC45\Local Sites\my-site\app\public\wp-includes\template-loader.php:106
[22-Apr-2021 04:08:45 UTC] PHP Warning:  A non-numeric value encountered in C:\Users\RPC45\Local Sites\my-site\app\public\wp-content\themes\my_blog\index.php on line 92
[22-Apr-2021 04:08:45 UTC] PHP Stack trace:
[22-Apr-2021 04:08:45 UTC] PHP   1. {main}() C:\Users\RPC45\Local Sites\my-site\app\public\index.php:0
[22-Apr-2021 04:08:45 UTC] PHP   2. require() C:\Users\RPC45\Local Sites\my-site\app\public\index.php:17
[22-Apr-2021 04:08:45 UTC] PHP   3. require_once() C:\Users\RPC45\Local Sites\my-site\app\public\wp-blog-header.php:19
[22-Apr-2021 04:08:45 UTC] PHP   4. include() C:\Users\RPC45\Local Sites\my-site\app\public\wp-includes\template-loader.php:106
[22-Apr-2021 04:08:45 UTC] PHP Warning:  A non-numeric value encountered in C:\Users\RPC45\Local Sites\my-site\app\public\wp-content\themes\my_blog\index.php on line 92
[22-Apr-2021 04:08:45 UTC] PHP Stack trace:
[22-Apr-2021 04:08:45 UTC] PHP   1. {main}() C:\Users\RPC45\Local Sites\my-site\app\public\index.php:0
[22-Apr-2021 04:08:45 UTC] PHP   2. require() C:\Users\RPC45\Local Sites\my-site\app\public\index.php:17
[22-Apr-2021 04:08:45 UTC] PHP   3. require_once() C:\Users\RPC45\Local Sites\my-site\app\public\wp-blog-header.php:19
[22-Apr-2021 04:08:45 UTC] PHP   4. include() C:\Users\RPC45\Local Sites\my-site\app\public\wp-includes\template-loader.php:106
[22-Apr-2021 04:08:45 UTC] PHP Warning:  Division by zero in C:\Users\RPC45\Local Sites\my-site\app\public\wp-content\themes\my_blog\index.php on line 92
[22-Apr-2021 04:08:45 UTC] PHP Stack trace:
[22-Apr-2021 04:08:45 UTC] PHP   1. {main}() C:\Users\RPC45\Local Sites\my-site\app\public\index.php:0
[22-Apr-2021 04:08:45 UTC] PHP   2. require() C:\Users\RPC45\Local Sites\my-site\app\public\index.php:17
[22-Apr-2021 04:08:45 UTC] PHP   3. require_once() C:\Users\RPC45\Local Sites\my-site\app\public\wp-blog-header.php:19
[22-Apr-2021 04:08:45 UTC] PHP   4. include() C:\Users\RPC45\Local Sites\my-site\app\public\wp-includes\template-loader.php:106
[22-Apr-2021 04:08:45 UTC] PHP Warning:  Use of undefined constant D - assumed 'D' (this will throw an Error in a future version of PHP) in C:\Users\RPC45\Local Sites\my-site\app\public\wp-content\themes\my_blog\index.php on line 92
[22-Apr-2021 04:08:45 UTC] PHP Stack trace:
[22-Apr-2021 04:08:45 UTC] PHP   1. {main}() C:\Users\RPC45\Local Sites\my-site\app\public\index.php:0
[22-Apr-2021 04:08:45 UTC] PHP   2. require() C:\Users\RPC45\Local Sites\my-site\app\public\index.php:17
[22-Apr-2021 04:08:45 UTC] PHP   3. require_once() C:\Users\RPC45\Local Sites\my-site\app\public\wp-blog-header.php:19
[22-Apr-2021 04:08:45 UTC] PHP   4. include() C:\Users\RPC45\Local Sites\my-site\app\public\wp-includes\template-loader.php:106
[22-Apr-2021 04:08:45 UTC] PHP Warning:  A non-numeric value encountered in C:\Users\RPC45\Local Sites\my-site\app\public\wp-content\themes\my_blog\index.php on line 92
[22-Apr-2021 04:08:45 UTC] PHP Stack trace:
[22-Apr-2021 04:08:45 UTC] PHP   1. {main}() C:\Users\RPC45\Local Sites\my-site\app\public\index.php:0
[22-Apr-2021 04:08:45 UTC] PHP   2. require() C:\Users\RPC45\Local Sites\my-site\app\public\index.php:17
[22-Apr-2021 04:08:45 UTC] PHP   3. require_once() C:\Users\RPC45\Local Sites\my-site\app\public\wp-blog-header.php:19
[22-Apr-2021 04:08:45 UTC] PHP   4. include() C:\Users\RPC45\Local Sites\my-site\app\public\wp-includes\template-loader.php:106
[22-Apr-2021 04:08:45 UTC] PHP Warning:  Division by zero in C:\Users\RPC45\Local Sites\my-site\app\public\wp-content\themes\my_blog\index.php on line 92
[22-Apr-2021 04:08:45 UTC] PHP Stack trace:
[22-Apr-2021 04:08:45 UTC] PHP   1. {main}() C:\Users\RPC45\Local Sites\my-site\app\public\index.php:0
[22-Apr-2021 04:08:45 UTC] PHP   2. require() C:\Users\RPC45\Local Sites\my-site\app\public\index.php:17
[22-Apr-2021 04:08:45 UTC] PHP   3. require_once() C:\Users\RPC45\Local Sites\my-site\app\public\wp-blog-header.php:19
[22-Apr-2021 04:08:45 UTC] PHP   4. include() C:\Users\RPC45\Local Sites\my-site\app\public\wp-includes\template-loader.php:106
[22-Apr-2021 04:08:45 UTC] PHP Warning:  Use of undefined constant Y - assumed 'Y' (this will throw an Error in a future version of PHP) in C:\Users\RPC45\Local Sites\my-site\app\public\wp-content\themes\my_blog\index.php on line 92
[22-Apr-2021 04:08:45 UTC] PHP Stack trace:
[22-Apr-2021 04:08:45 UTC] PHP   1. {main}() C:\Users\RPC45\Local Sites\my-site\app\public\index.php:0
[22-Apr-2021 04:08:45 UTC] PHP   2. require() C:\Users\RPC45\Local Sites\my-site\app\public\index.php:17
[22-Apr-2021 04:08:45 UTC] PHP   3. require_once() C:\Users\RPC45\Local Sites\my-site\app\public\wp-blog-header.php:19
[22-Apr-2021 04:08:45 UTC] PHP   4. include() C:\Users\RPC45\Local Sites\my-site\app\public\wp-includes\template-loader.php:106
[22-Apr-2021 04:08:45 UTC] PHP Warning:  Use of undefined constant M - assumed 'M' (this will throw an Error in a future version of PHP) in C:\Users\RPC45\Local Sites\my-site\app\public\wp-content\themes\my_blog\index.php on line 92
[22-Apr-2021 04:08:45 UTC] PHP Stack trace:
[22-Apr-2021 04:08:45 UTC] PHP   1. {main}() C:\Users\RPC45\Local Sites\my-site\app\public\index.php:0
[22-Apr-2021 04:08:45 UTC] PHP   2. require() C:\Users\RPC45\Local Sites\my-site\app\public\index.php:17
[22-Apr-2021 04:08:45 UTC] PHP   3. require_once() C:\Users\RPC45\Local Sites\my-site\app\public\wp-blog-header.php:19
[22-Apr-2021 04:08:45 UTC] PHP   4. include() C:\Users\RPC45\Local Sites\my-site\app\public\wp-includes\template-loader.php:106
[22-Apr-2021 04:08:45 UTC] PHP Warning:  A non-numeric value encountered in C:\Users\RPC45\Local Sites\my-site\app\public\wp-content\themes\my_blog\index.php on line 92
[22-Apr-2021 04:08:46 UTC] PHP Stack trace:
[22-Apr-2021 04:08:46 UTC] PHP   1. {main}() C:\Users\RPC45\Local Sites\my-site\app\public\index.php:0
[22-Apr-2021 04:08:46 UTC] PHP   2. require() C:\Users\RPC45\Local Sites\my-site\app\public\index.php:17
[22-Apr-2021 04:08:46 UTC] PHP   3. require_once() C:\Users\RPC45\Local Sites\my-site\app\public\wp-blog-header.php:19
[22-Apr-2021 04:08:46 UTC] PHP   4. include() C:\Users\RPC45\Local Sites\my-site\app\public\wp-includes\template-loader.php:106
[22-Apr-2021 04:08:46 UTC] PHP Warning:  A non-numeric value encountered in C:\Users\RPC45\Local Sites\my-site\app\public\wp-content\themes\my_blog\index.php on line 92
[22-Apr-2021 04:08:46 UTC] PHP Stack trace:
[22-Apr-2021 04:08:46 UTC] PHP   1. {main}() C:\Users\RPC45\Local Sites\my-site\app\public\index.php:0
[22-Apr-2021 04:08:46 UTC] PHP   2. require() C:\Users\RPC45\Local Sites\my-site\app\public\index.php:17
[22-Apr-2021 04:08:46 UTC] PHP   3. require_once() C:\Users\RPC45\Local Sites\my-site\app\public\wp-blog-header.php:19
[22-Apr-2021 04:08:46 UTC] PHP   4. include() C:\Users\RPC45\Local Sites\my-site\app\public\wp-includes\template-loader.php:106
[22-Apr-2021 04:08:46 UTC] PHP Warning:  Division by zero in C:\Users\RPC45\Local Sites\my-site\app\public\wp-content\themes\my_blog\index.php on line 92
[22-Apr-2021 04:08:46 UTC] PHP Stack trace:
[22-Apr-2021 04:08:46 UTC] PHP   1. {main}() C:\Users\RPC45\Local Sites\my-site\app\public\index.php:0
[22-Apr-2021 04:08:46 UTC] PHP   2. require() C:\Users\RPC45\Local Sites\my-site\app\public\index.php:17
[22-Apr-2021 04:08:46 UTC] PHP   3. require_once() C:\Users\RPC45\Local Sites\my-site\app\public\wp-blog-header.php:19
[22-Apr-2021 04:08:46 UTC] PHP   4. include() C:\Users\RPC45\Local Sites\my-site\app\public\wp-includes\template-loader.php:106
[22-Apr-2021 04:08:46 UTC] PHP Warning:  Use of undefined constant D - assumed 'D' (this will throw an Error in a future version of PHP) in C:\Users\RPC45\Local Sites\my-site\app\public\wp-content\themes\my_blog\index.php on line 92
[22-Apr-2021 04:08:46 UTC] PHP Stack trace:
[22-Apr-2021 04:08:46 UTC] PHP   1. {main}() C:\Users\RPC45\Local Sites\my-site\app\public\index.php:0
[22-Apr-2021 04:08:46 UTC] PHP   2. require() C:\Users\RPC45\Local Sites\my-site\app\public\index.php:17
[22-Apr-2021 04:08:46 UTC] PHP   3. require_once() C:\Users\RPC45\Local Sites\my-site\app\public\wp-blog-header.php:19
[22-Apr-2021 04:08:46 UTC] PHP   4. include() C:\Users\RPC45\Local Sites\my-site\app\public\wp-includes\template-loader.php:106
[22-Apr-2021 04:08:46 UTC] PHP Warning:  A non-numeric value encountered in C:\Users\RPC45\Local Sites\my-site\app\public\wp-content\themes\my_blog\index.php on line 92
[22-Apr-2021 04:08:46 UTC] PHP Stack trace:
[22-Apr-2021 04:08:46 UTC] PHP   1. {main}() C:\Users\RPC45\Local Sites\my-site\app\public\index.php:0
[22-Apr-2021 04:08:46 UTC] PHP   2. require() C:\Users\RPC45\Local Sites\my-site\app\public\index.php:17
[22-Apr-2021 04:08:46 UTC] PHP   3. require_once() C:\Users\RPC45\Local Sites\my-site\app\public\wp-blog-header.php:19
[22-Apr-2021 04:08:46 UTC] PHP   4. include() C:\Users\RPC45\Local Sites\my-site\app\public\wp-includes\template-loader.php:106
[22-Apr-2021 04:08:46 UTC] PHP Warning:  Division by zero in C:\Users\RPC45\Local Sites\my-site\app\public\wp-content\themes\my_blog\index.php on line 92
[22-Apr-2021 04:08:46 UTC] PHP Stack trace:
[22-Apr-2021 04:08:46 UTC] PHP   1. {main}() C:\Users\RPC45\Local Sites\my-site\app\public\index.php:0
[22-Apr-2021 04:08:46 UTC] PHP   2. require() C:\Users\RPC45\Local Sites\my-site\app\public\index.php:17
[22-Apr-2021 04:08:46 UTC] PHP   3. require_once() C:\Users\RPC45\Local Sites\my-site\app\public\wp-blog-header.php:19
[22-Apr-2021 04:08:46 UTC] PHP   4. include() C:\Users\RPC45\Local Sites\my-site\app\public\wp-includes\template-loader.php:106
[22-Apr-2021 04:08:46 UTC] PHP Warning:  Use of undefined constant Y - assumed 'Y' (this will throw an Error in a future version of PHP) in C:\Users\RPC45\Local Sites\my-site\app\public\wp-content\themes\my_blog\index.php on line 92
[22-Apr-2021 04:08:46 UTC] PHP Stack trace:
[22-Apr-2021 04:08:46 UTC] PHP   1. {main}() C:\Users\RPC45\Local Sites\my-site\app\public\index.php:0
[22-Apr-2021 04:08:46 UTC] PHP   2. require() C:\Users\RPC45\Local Sites\my-site\app\public\index.php:17
[22-Apr-2021 04:08:46 UTC] PHP   3. require_once() C:\Users\RPC45\Local Sites\my-site\app\public\wp-blog-header.php:19
[22-Apr-2021 04:08:46 UTC] PHP   4. include() C:\Users\RPC45\Local Sites\my-site\app\public\wp-includes\template-loader.php:106
[22-Apr-2021 04:08:46 UTC] PHP Warning:  Use of undefined constant M - assumed 'M' (this will throw an Error in a future version of PHP) in C:\Users\RPC45\Local Sites\my-site\app\public\wp-content\themes\my_blog\index.php on line 92
[22-Apr-2021 04:08:46 UTC] PHP Stack trace:
[22-Apr-2021 04:08:46 UTC] PHP   1. {main}() C:\Users\RPC45\Local Sites\my-site\app\public\index.php:0
[22-Apr-2021 04:08:46 UTC] PHP   2. require() C:\Users\RPC45\Local Sites\my-site\app\public\index.php:17
[22-Apr-2021 04:08:46 UTC] PHP   3. require_once() C:\Users\RPC45\Local Sites\my-site\app\public\wp-blog-header.php:19
[22-Apr-2021 04:08:46 UTC] PHP   4. include() C:\Users\RPC45\Local Sites\my-site\app\public\wp-includes\template-loader.php:106
[22-Apr-2021 04:08:46 UTC] PHP Warning:  A non-numeric value encountered in C:\Users\RPC45\Local Sites\my-site\app\public\wp-content\themes\my_blog\index.php on line 92
[22-Apr-2021 04:08:46 UTC] PHP Stack trace:
[22-Apr-2021 04:08:46 UTC] PHP   1. {main}() C:\Users\RPC45\Local Sites\my-site\app\public\index.php:0
[22-Apr-2021 04:08:46 UTC] PHP   2. require() C:\Users\RPC45\Local Sites\my-site\app\public\index.php:17
[22-Apr-2021 04:08:46 UTC] PHP   3. require_once() C:\Users\RPC45\Local Sites\my-site\app\public\wp-blog-header.php:19
[22-Apr-2021 04:08:46 UTC] PHP   4. include() C:\Users\RPC45\Local Sites\my-site\app\public\wp-includes\template-loader.php:106
[22-Apr-2021 04:08:46 UTC] PHP Warning:  A non-numeric value encountered in C:\Users\RPC45\Local Sites\my-site\app\public\wp-content\themes\my_blog\index.php on line 92
[22-Apr-2021 04:08:46 UTC] PHP Stack trace:
[22-Apr-2021 04:08:46 UTC] PHP   1. {main}() C:\Users\RPC45\Local Sites\my-site\app\public\index.php:0
[22-Apr-2021 04:08:46 UTC] PHP   2. require() C:\Users\RPC45\Local Sites\my-site\app\public\index.php:17
[22-Apr-2021 04:08:46 UTC] PHP   3. require_once() C:\Users\RPC45\Local Sites\my-site\app\public\wp-blog-header.php:19
[22-Apr-2021 04:08:46 UTC] PHP   4. include() C:\Users\RPC45\Local Sites\my-site\app\public\wp-includes\template-loader.php:106
[22-Apr-2021 04:08:46 UTC] PHP Warning:  Division by zero in C:\Users\RPC45\Local Sites\my-site\app\public\wp-content\themes\my_blog\index.php on line 92
[22-Apr-2021 04:08:46 UTC] PHP Stack trace:
[22-Apr-2021 04:08:46 UTC] PHP   1. {main}() C:\Users\RPC45\Local Sites\my-site\app\public\index.php:0
[22-Apr-2021 04:08:46 UTC] PHP   2. require() C:\Users\RPC45\Local Sites\my-site\app\public\index.php:17
[22-Apr-2021 04:08:46 UTC] PHP   3. require_once() C:\Users\RPC45\Local Sites\my-site\app\public\wp-blog-header.php:19
[22-Apr-2021 04:08:46 UTC] PHP   4. include() C:\Users\RPC45\Local Sites\my-site\app\public\wp-includes\template-loader.php:106
[22-Apr-2021 04:08:46 UTC] PHP Warning:  Use of undefined constant D - assumed 'D' (this will throw an Error in a future version of PHP) in C:\Users\RPC45\Local Sites\my-site\app\public\wp-content\themes\my_blog\index.php on line 92
[22-Apr-2021 04:08:46 UTC] PHP Stack trace:
[22-Apr-2021 04:08:46 UTC] PHP   1. {main}() C:\Users\RPC45\Local Sites\my-site\app\public\index.php:0
[22-Apr-2021 04:08:46 UTC] PHP   2. require() C:\Users\RPC45\Local Sites\my-site\app\public\index.php:17
[22-Apr-2021 04:08:46 UTC] PHP   3. require_once() C:\Users\RPC45\Local Sites\my-site\app\public\wp-blog-header.php:19
[22-Apr-2021 04:08:46 UTC] PHP   4. include() C:\Users\RPC45\Local Sites\my-site\app\public\wp-includes\template-loader.php:106
[22-Apr-2021 04:08:46 UTC] PHP Warning:  A non-numeric value encountered in C:\Users\RPC45\Local Sites\my-site\app\public\wp-content\themes\my_blog\index.php on line 92
[22-Apr-2021 04:08:46 UTC] PHP Stack trace:
[22-Apr-2021 04:08:46 UTC] PHP   1. {main}() C:\Users\RPC45\Local Sites\my-site\app\public\index.php:0
[22-Apr-2021 04:08:46 UTC] PHP   2. require() C:\Users\RPC45\Local Sites\my-site\app\public\index.php:17
[22-Apr-2021 04:08:46 UTC] PHP   3. require_once() C:\Users\RPC45\Local Sites\my-site\app\public\wp-blog-header.php:19
[22-Apr-2021 04:08:46 UTC] PHP   4. include() C:\Users\RPC45\Local Sites\my-site\app\public\wp-includes\template-loader.php:106
[22-Apr-2021 04:08:46 UTC] PHP Warning:  Division by zero in C:\Users\RPC45\Local Sites\my-site\app\public\wp-content\themes\my_blog\index.php on line 92
[22-Apr-2021 04:08:46 UTC] PHP Stack trace:
[22-Apr-2021 04:08:46 UTC] PHP   1. {main}() C:\Users\RPC45\Local Sites\my-site\app\public\index.php:0
[22-Apr-2021 04:08:46 UTC] PHP   2. require() C:\Users\RPC45\Local Sites\my-site\app\public\index.php:17
[22-Apr-2021 04:08:46 UTC] PHP   3. require_once() C:\Users\RPC45\Local Sites\my-site\app\public\wp-blog-header.php:19
[22-Apr-2021 04:08:46 UTC] PHP   4. include() C:\Users\RPC45\Local Sites\my-site\app\public\wp-includes\template-loader.php:106
[22-Apr-2021 04:08:46 UTC] PHP Warning:  Use of undefined constant Y - assumed 'Y' (this will throw an Error in a future version of PHP) in C:\Users\RPC45\Local Sites\my-site\app\public\wp-content\themes\my_blog\index.php on line 92
[22-Apr-2021 04:08:46 UTC] PHP Stack trace:
[22-Apr-2021 04:08:46 UTC] PHP   1. {main}() C:\Users\RPC45\Local Sites\my-site\app\public\index.php:0
[22-Apr-2021 04:08:46 UTC] PHP   2. require() C:\Users\RPC45\Local Sites\my-site\app\public\index.php:17
[22-Apr-2021 04:08:46 UTC] PHP   3. require_once() C:\Users\RPC45\Local Sites\my-site\app\public\wp-blog-header.php:19
[22-Apr-2021 04:08:46 UTC] PHP   4. include() C:\Users\RPC45\Local Sites\my-site\app\public\wp-includes\template-loader.php:106
[22-Apr-2021 04:08:46 UTC] PHP Warning:  Use of undefined constant M - assumed 'M' (this will throw an Error in a future version of PHP) in C:\Users\RPC45\Local Sites\my-site\app\public\wp-content\themes\my_blog\index.php on line 92
[22-Apr-2021 04:08:46 UTC] PHP Stack trace:
[22-Apr-2021 04:08:46 UTC] PHP   1. {main}() C:\Users\RPC45\Local Sites\my-site\app\public\index.php:0
[22-Apr-2021 04:08:46 UTC] PHP   2. require() C:\Users\RPC45\Local Sites\my-site\app\public\index.php:17
[22-Apr-2021 04:08:46 UTC] PHP   3. require_once() C:\Users\RPC45\Local Sites\my-site\app\public\wp-blog-header.php:19
[22-Apr-2021 04:08:46 UTC] PHP   4. include() C:\Users\RPC45\Local Sites\my-site\app\public\wp-includes\template-loader.php:106
[22-Apr-2021 04:08:46 UTC] PHP Warning:  A non-numeric value encountered in C:\Users\RPC45\Local Sites\my-site\app\public\wp-content\themes\my_blog\index.php on line 92
[22-Apr-2021 04:08:46 UTC] PHP Stack trace:
[22-Apr-2021 04:08:46 UTC] PHP   1. {main}() C:\Users\RPC45\Local Sites\my-site\app\public\index.php:0
[22-Apr-2021 04:08:46 UTC] PHP   2. require() C:\Users\RPC45\Local Sites\my-site\app\public\index.php:17
[22-Apr-2021 04:08:46 UTC] PHP   3. require_once() C:\Users\RPC45\Local Sites\my-site\app\public\wp-blog-header.php:19
[22-Apr-2021 04:08:46 UTC] PHP   4. include() C:\Users\RPC45\Local Sites\my-site\app\public\wp-includes\template-loader.php:106
[22-Apr-2021 04:08:46 UTC] PHP Warning:  A non-numeric value encountered in C:\Users\RPC45\Local Sites\my-site\app\public\wp-content\themes\my_blog\index.php on line 92
[22-Apr-2021 04:08:46 UTC] PHP Stack trace:
[22-Apr-2021 04:08:46 UTC] PHP   1. {main}() C:\Users\RPC45\Local Sites\my-site\app\public\index.php:0
[22-Apr-2021 04:08:46 UTC] PHP   2. require() C:\Users\RPC45\Local Sites\my-site\app\public\index.php:17
[22-Apr-2021 04:08:46 UTC] PHP   3. require_once() C:\Users\RPC45\Local Sites\my-site\app\public\wp-blog-header.php:19
[22-Apr-2021 04:08:46 UTC] PHP   4. include() C:\Users\RPC45\Local Sites\my-site\app\public\wp-includes\template-loader.php:106
[22-Apr-2021 04:08:46 UTC] PHP Warning:  Division by zero in C:\Users\RPC45\Local Sites\my-site\app\public\wp-content\themes\my_blog\index.php on line 92
[22-Apr-2021 04:08:46 UTC] PHP Stack trace:
[22-Apr-2021 04:08:46 UTC] PHP   1. {main}() C:\Users\RPC45\Local Sites\my-site\app\public\index.php:0
[22-Apr-2021 04:08:46 UTC] PHP   2. require() C:\Users\RPC45\Local Sites\my-site\app\public\index.php:17
[22-Apr-2021 04:08:46 UTC] PHP   3. require_once() C:\Users\RPC45\Local Sites\my-site\app\public\wp-blog-header.php:19
[22-Apr-2021 04:08:46 UTC] PHP   4. include() C:\Users\RPC45\Local Sites\my-site\app\public\wp-includes\template-loader.php:106
[22-Apr-2021 04:08:46 UTC] PHP Warning:  Use of undefined constant D - assumed 'D' (this will throw an Error in a future version of PHP) in C:\Users\RPC45\Local Sites\my-site\app\public\wp-content\themes\my_blog\index.php on line 92
[22-Apr-2021 04:08:46 UTC] PHP Stack trace:
[22-Apr-2021 04:08:46 UTC] PHP   1. {main}() C:\Users\RPC45\Local Sites\my-site\app\public\index.php:0
[22-Apr-2021 04:08:46 UTC] PHP   2. require() C:\Users\RPC45\Local Sites\my-site\app\public\index.php:17
[22-Apr-2021 04:08:46 UTC] PHP   3. require_once() C:\Users\RPC45\Local Sites\my-site\app\public\wp-blog-header.php:19
[22-Apr-2021 04:08:46 UTC] PHP   4. include() C:\Users\RPC45\Local Sites\my-site\app\public\wp-includes\template-loader.php:106
[22-Apr-2021 04:08:46 UTC] PHP Warning:  A non-numeric value encountered in C:\Users\RPC45\Local Sites\my-site\app\public\wp-content\themes\my_blog\index.php on line 92
[22-Apr-2021 04:08:46 UTC] PHP Stack trace:
[22-Apr-2021 04:08:46 UTC] PHP   1. {main}() C:\Users\RPC45\Local Sites\my-site\app\public\index.php:0
[22-Apr-2021 04:08:46 UTC] PHP   2. require() C:\Users\RPC45\Local Sites\my-site\app\public\index.php:17
[22-Apr-2021 04:08:46 UTC] PHP   3. require_once() C:\Users\RPC45\Local Sites\my-site\app\public\wp-blog-header.php:19
[22-Apr-2021 04:08:46 UTC] PHP   4. include() C:\Users\RPC45\Local Sites\my-site\app\public\wp-includes\template-loader.php:106
[22-Apr-2021 04:08:46 UTC] PHP Warning:  Division by zero in C:\Users\RPC45\Local Sites\my-site\app\public\wp-content\themes\my_blog\index.php on line 92
[22-Apr-2021 04:08:46 UTC] PHP Stack trace:
[22-Apr-2021 04:08:46 UTC] PHP   1. {main}() C:\Users\RPC45\Local Sites\my-site\app\public\index.php:0
[22-Apr-2021 04:08:46 UTC] PHP   2. require() C:\Users\RPC45\Local Sites\my-site\app\public\index.php:17
[22-Apr-2021 04:08:46 UTC] PHP   3. require_once() C:\Users\RPC45\Local Sites\my-site\app\public\wp-blog-header.php:19
[22-Apr-2021 04:08:46 UTC] PHP   4. include() C:\Users\RPC45\Local Sites\my-site\app\public\wp-includes\template-loader.php:106
[22-Apr-2021 04:08:46 UTC] PHP Warning:  Use of undefined constant Y - assumed 'Y' (this will throw an Error in a future version of PHP) in C:\Users\RPC45\Local Sites\my-site\app\public\wp-content\themes\my_blog\index.php on line 92
[22-Apr-2021 04:08:46 UTC] PHP Stack trace:
[22-Apr-2021 04:08:46 UTC] PHP   1. {main}() C:\Users\RPC45\Local Sites\my-site\app\public\index.php:0
[22-Apr-2021 04:08:46 UTC] PHP   2. require() C:\Users\RPC45\Local Sites\my-site\app\public\index.php:17
[22-Apr-2021 04:08:46 UTC] PHP   3. require_once() C:\Users\RPC45\Local Sites\my-site\app\public\wp-blog-header.php:19
[22-Apr-2021 04:08:46 UTC] PHP   4. include() C:\Users\RPC45\Local Sites\my-site\app\public\wp-includes\template-loader.php:106
[22-Apr-2021 04:08:46 UTC] PHP Warning:  Use of undefined constant M - assumed 'M' (this will throw an Error in a future version of PHP) in C:\Users\RPC45\Local Sites\my-site\app\public\wp-content\themes\my_blog\index.php on line 92
[22-Apr-2021 04:08:46 UTC] PHP Stack trace:
[22-Apr-2021 04:08:46 UTC] PHP   1. {main}() C:\Users\RPC45\Local Sites\my-site\app\public\index.php:0
[22-Apr-2021 04:08:46 UTC] PHP   2. require() C:\Users\RPC45\Local Sites\my-site\app\public\index.php:17
[22-Apr-2021 04:08:46 UTC] PHP   3. require_once() C:\Users\RPC45\Local Sites\my-site\app\public\wp-blog-header.php:19
[22-Apr-2021 04:08:46 UTC] PHP   4. include() C:\Users\RPC45\Local Sites\my-site\app\public\wp-includes\template-loader.php:106
[22-Apr-2021 04:08:46 UTC] PHP Warning:  A non-numeric value encountered in C:\Users\RPC45\Local Sites\my-site\app\public\wp-content\themes\my_blog\index.php on line 92
[22-Apr-2021 04:08:46 UTC] PHP Stack trace:
[22-Apr-2021 04:08:46 UTC] PHP   1. {main}() C:\Users\RPC45\Local Sites\my-site\app\public\index.php:0
[22-Apr-2021 04:08:46 UTC] PHP   2. require() C:\Users\RPC45\Local Sites\my-site\app\public\index.php:17
[22-Apr-2021 04:08:46 UTC] PHP   3. require_once() C:\Users\RPC45\Local Sites\my-site\app\public\wp-blog-header.php:19
[22-Apr-2021 04:08:46 UTC] PHP   4. include() C:\Users\RPC45\Local Sites\my-site\app\public\wp-includes\template-loader.php:106
[22-Apr-2021 04:08:46 UTC] PHP Warning:  A non-numeric value encountered in C:\Users\RPC45\Local Sites\my-site\app\public\wp-content\themes\my_blog\index.php on line 92
[22-Apr-2021 04:08:46 UTC] PHP Stack trace:
[22-Apr-2021 04:08:46 UTC] PHP   1. {main}() C:\Users\RPC45\Local Sites\my-site\app\public\index.php:0
[22-Apr-2021 04:08:46 UTC] PHP   2. require() C:\Users\RPC45\Local Sites\my-site\app\public\index.php:17
[22-Apr-2021 04:08:46 UTC] PHP   3. require_once() C:\Users\RPC45\Local Sites\my-site\app\public\wp-blog-header.php:19
[22-Apr-2021 04:08:46 UTC] PHP   4. include() C:\Users\RPC45\Local Sites\my-site\app\public\wp-includes\template-loader.php:106
[22-Apr-2021 04:08:46 UTC] PHP Warning:  Division by zero in C:\Users\RPC45\Local Sites\my-site\app\public\wp-content\themes\my_blog\index.php on line 92
[22-Apr-2021 04:08:46 UTC] PHP Stack trace:
[22-Apr-2021 04:08:46 UTC] PHP   1. {main}() C:\Users\RPC45\Local Sites\my-site\app\public\index.php:0
[22-Apr-2021 04:08:46 UTC] PHP   2. require() C:\Users\RPC45\Local Sites\my-site\app\public\index.php:17
[22-Apr-2021 04:08:46 UTC] PHP   3. require_once() C:\Users\RPC45\Local Sites\my-site\app\public\wp-blog-header.php:19
[22-Apr-2021 04:08:46 UTC] PHP   4. include() C:\Users\RPC45\Local Sites\my-site\app\public\wp-includes\template-loader.php:106
[22-Apr-2021 04:08:46 UTC] PHP Warning:  Use of undefined constant D - assumed 'D' (this will throw an Error in a future version of PHP) in C:\Users\RPC45\Local Sites\my-site\app\public\wp-content\themes\my_blog\index.php on line 92
[22-Apr-2021 04:08:46 UTC] PHP Stack trace:
[22-Apr-2021 04:08:46 UTC] PHP   1. {main}() C:\Users\RPC45\Local Sites\my-site\app\public\index.php:0
[22-Apr-2021 04:08:46 UTC] PHP   2. require() C:\Users\RPC45\Local Sites\my-site\app\public\index.php:17
[22-Apr-2021 04:08:46 UTC] PHP   3. require_once() C:\Users\RPC45\Local Sites\my-site\app\public\wp-blog-header.php:19
[22-Apr-2021 04:08:46 UTC] PHP   4. include() C:\Users\RPC45\Local Sites\my-site\app\public\wp-includes\template-loader.php:106
[22-Apr-2021 04:08:46 UTC] PHP Warning:  A non-numeric value encountered in C:\Users\RPC45\Local Sites\my-site\app\public\wp-content\themes\my_blog\index.php on line 92
[22-Apr-2021 04:08:46 UTC] PHP Stack trace:
[22-Apr-2021 04:08:46 UTC] PHP   1. {main}() C:\Users\RPC45\Local Sites\my-site\app\public\index.php:0
[22-Apr-2021 04:08:46 UTC] PHP   2. require() C:\Users\RPC45\Local Sites\my-site\app\public\index.php:17
[22-Apr-2021 04:08:46 UTC] PHP   3. require_once() C:\Users\RPC45\Local Sites\my-site\app\public\wp-blog-header.php:19
[22-Apr-2021 04:08:46 UTC] PHP   4. include() C:\Users\RPC45\Local Sites\my-site\app\public\wp-includes\template-loader.php:106
[22-Apr-2021 04:08:46 UTC] PHP Warning:  Division by zero in C:\Users\RPC45\Local Sites\my-site\app\public\wp-content\themes\my_blog\index.php on line 92
[22-Apr-2021 04:08:46 UTC] PHP Stack trace:
[22-Apr-2021 04:08:46 UTC] PHP   1. {main}() C:\Users\RPC45\Local Sites\my-site\app\public\index.php:0
[22-Apr-2021 04:08:46 UTC] PHP   2. require() C:\Users\RPC45\Local Sites\my-site\app\public\index.php:17
[22-Apr-2021 04:08:46 UTC] PHP   3. require_once() C:\Users\RPC45\Local Sites\my-site\app\public\wp-blog-header.php:19
[22-Apr-2021 04:08:46 UTC] PHP   4. include() C:\Users\RPC45\Local Sites\my-site\app\public\wp-includes\template-loader.php:106
[22-Apr-2021 04:08:46 UTC] PHP Warning:  Use of undefined constant Y - assumed 'Y' (this will throw an Error in a future version of PHP) in C:\Users\RPC45\Local Sites\my-site\app\public\wp-content\themes\my_blog\index.php on line 92
[22-Apr-2021 04:08:46 UTC] PHP Stack trace:
[22-Apr-2021 04:08:46 UTC] PHP   1. {main}() C:\Users\RPC45\Local Sites\my-site\app\public\index.php:0
[22-Apr-2021 04:08:46 UTC] PHP   2. require() C:\Users\RPC45\Local Sites\my-site\app\public\index.php:17
[22-Apr-2021 04:08:46 UTC] PHP   3. require_once() C:\Users\RPC45\Local Sites\my-site\app\public\wp-blog-header.php:19
[22-Apr-2021 04:08:46 UTC] PHP   4. include() C:\Users\RPC45\Local Sites\my-site\app\public\wp-includes\template-loader.php:106
[22-Apr-2021 04:08:46 UTC] PHP Warning:  Use of undefined constant M - assumed 'M' (this will throw an Error in a future version of PHP) in C:\Users\RPC45\Local Sites\my-site\app\public\wp-content\themes\my_blog\index.php on line 92
[22-Apr-2021 04:08:46 UTC] PHP Stack trace:
[22-Apr-2021 04:08:46 UTC] PHP   1. {main}() C:\Users\RPC45\Local Sites\my-site\app\public\index.php:0
[22-Apr-2021 04:08:46 UTC] PHP   2. require() C:\Users\RPC45\Local Sites\my-site\app\public\index.php:17
[22-Apr-2021 04:08:46 UTC] PHP   3. require_once() C:\Users\RPC45\Local Sites\my-site\app\public\wp-blog-header.php:19
[22-Apr-2021 04:08:46 UTC] PHP   4. include() C:\Users\RPC45\Local Sites\my-site\app\public\wp-includes\template-loader.php:106
[22-Apr-2021 04:08:46 UTC] PHP Warning:  A non-numeric value encountered in C:\Users\RPC45\Local Sites\my-site\app\public\wp-content\themes\my_blog\index.php on line 92
[22-Apr-2021 04:08:46 UTC] PHP Stack trace:
[22-Apr-2021 04:08:46 UTC] PHP   1. {main}() C:\Users\RPC45\Local Sites\my-site\app\public\index.php:0
[22-Apr-2021 04:08:46 UTC] PHP   2. require() C:\Users\RPC45\Local Sites\my-site\app\public\index.php:17
[22-Apr-2021 04:08:46 UTC] PHP   3. require_once() C:\Users\RPC45\Local Sites\my-site\app\public\wp-blog-header.php:19
[22-Apr-2021 04:08:46 UTC] PHP   4. include() C:\Users\RPC45\Local Sites\my-site\app\public\wp-includes\template-loader.php:106
[22-Apr-2021 04:08:46 UTC] PHP Warning:  A non-numeric value encountered in C:\Users\RPC45\Local Sites\my-site\app\public\wp-content\themes\my_blog\index.php on line 92
[22-Apr-2021 04:08:46 UTC] PHP Stack trace:
[22-Apr-2021 04:08:46 UTC] PHP   1. {main}() C:\Users\RPC45\Local Sites\my-site\app\public\index.php:0
[22-Apr-2021 04:08:46 UTC] PHP   2. require() C:\Users\RPC45\Local Sites\my-site\app\public\index.php:17
[22-Apr-2021 04:08:46 UTC] PHP   3. require_once() C:\Users\RPC45\Local Sites\my-site\app\public\wp-blog-header.php:19
[22-Apr-2021 04:08:46 UTC] PHP   4. include() C:\Users\RPC45\Local Sites\my-site\app\public\wp-includes\template-loader.php:106
[22-Apr-2021 04:08:46 UTC] PHP Warning:  Division by zero in C:\Users\RPC45\Local Sites\my-site\app\public\wp-content\themes\my_blog\index.php on line 92
[22-Apr-2021 04:08:46 UTC] PHP Stack trace:
[22-Apr-2021 04:08:46 UTC] PHP   1. {main}() C:\Users\RPC45\Local Sites\my-site\app\public\index.php:0
[22-Apr-2021 04:08:46 UTC] PHP   2. require() C:\Users\RPC45\Local Sites\my-site\app\public\index.php:17
[22-Apr-2021 04:08:46 UTC] PHP   3. require_once() C:\Users\RPC45\Local Sites\my-site\app\public\wp-blog-header.php:19
[22-Apr-2021 04:08:46 UTC] PHP   4. include() C:\Users\RPC45\Local Sites\my-site\app\public\wp-includes\template-loader.php:106
[22-Apr-2021 04:08:46 UTC] PHP Warning:  Use of undefined constant D - assumed 'D' (this will throw an Error in a future version of PHP) in C:\Users\RPC45\Local Sites\my-site\app\public\wp-content\themes\my_blog\index.php on line 92
[22-Apr-2021 04:08:46 UTC] PHP Stack trace:
[22-Apr-2021 04:08:46 UTC] PHP   1. {main}() C:\Users\RPC45\Local Sites\my-site\app\public\index.php:0
[22-Apr-2021 04:08:46 UTC] PHP   2. require() C:\Users\RPC45\Local Sites\my-site\app\public\index.php:17
[22-Apr-2021 04:08:46 UTC] PHP   3. require_once() C:\Users\RPC45\Local Sites\my-site\app\public\wp-blog-header.php:19
[22-Apr-2021 04:08:46 UTC] PHP   4. include() C:\Users\RPC45\Local Sites\my-site\app\public\wp-includes\template-loader.php:106
[22-Apr-2021 04:08:46 UTC] PHP Warning:  A non-numeric value encountered in C:\Users\RPC45\Local Sites\my-site\app\public\wp-content\themes\my_blog\index.php on line 92
[22-Apr-2021 04:08:46 UTC] PHP Stack trace:
[22-Apr-2021 04:08:46 UTC] PHP   1. {main}() C:\Users\RPC45\Local Sites\my-site\app\public\index.php:0
[22-Apr-2021 04:08:46 UTC] PHP   2. require() C:\Users\RPC45\Local Sites\my-site\app\public\index.php:17
[22-Apr-2021 04:08:46 UTC] PHP   3. require_once() C:\Users\RPC45\Local Sites\my-site\app\public\wp-blog-header.php:19
[22-Apr-2021 04:08:46 UTC] PHP   4. include() C:\Users\RPC45\Local Sites\my-site\app\public\wp-includes\template-loader.php:106
[22-Apr-2021 04:08:46 UTC] PHP Warning:  Division by zero in C:\Users\RPC45\Local Sites\my-site\app\public\wp-content\themes\my_blog\index.php on line 92
[22-Apr-2021 04:08:46 UTC] PHP Stack trace:
[22-Apr-2021 04:08:46 UTC] PHP   1. {main}() C:\Users\RPC45\Local Sites\my-site\app\public\index.php:0
[22-Apr-2021 04:08:46 UTC] PHP   2. require() C:\Users\RPC45\Local Sites\my-site\app\public\index.php:17
[22-Apr-2021 04:08:46 UTC] PHP   3. require_once() C:\Users\RPC45\Local Sites\my-site\app\public\wp-blog-header.php:19
[22-Apr-2021 04:08:46 UTC] PHP   4. include() C:\Users\RPC45\Local Sites\my-site\app\public\wp-includes\template-loader.php:106
[22-Apr-2021 04:08:46 UTC] PHP Warning:  Use of undefined constant Y - assumed 'Y' (this will throw an Error in a future version of PHP) in C:\Users\RPC45\Local Sites\my-site\app\public\wp-content\themes\my_blog\index.php on line 92
[22-Apr-2021 04:08:46 UTC] PHP Stack trace:
[22-Apr-2021 04:08:46 UTC] PHP   1. {main}() C:\Users\RPC45\Local Sites\my-site\app\public\index.php:0
[22-Apr-2021 04:08:46 UTC] PHP   2. require() C:\Users\RPC45\Local Sites\my-site\app\public\index.php:17
[22-Apr-2021 04:08:46 UTC] PHP   3. require_once() C:\Users\RPC45\Local Sites\my-site\app\public\wp-blog-header.php:19
[22-Apr-2021 04:08:46 UTC] PHP   4. include() C:\Users\RPC45\Local Sites\my-site\app\public\wp-includes\template-loader.php:106
[22-Apr-2021 04:08:46 UTC] PHP Warning:  Use of undefined constant M - assumed 'M' (this will throw an Error in a future version of PHP) in C:\Users\RPC45\Local Sites\my-site\app\public\wp-content\themes\my_blog\index.php on line 92
[22-Apr-2021 04:08:46 UTC] PHP Stack trace:
[22-Apr-2021 04:08:46 UTC] PHP   1. {main}() C:\Users\RPC45\Local Sites\my-site\app\public\index.php:0
[22-Apr-2021 04:08:46 UTC] PHP   2. require() C:\Users\RPC45\Local Sites\my-site\app\public\index.php:17
[22-Apr-2021 04:08:46 UTC] PHP   3. require_once() C:\Users\RPC45\Local Sites\my-site\app\public\wp-blog-header.php:19
[22-Apr-2021 04:08:46 UTC] PHP   4. include() C:\Users\RPC45\Local Sites\my-site\app\public\wp-includes\template-loader.php:106
[22-Apr-2021 04:08:46 UTC] PHP Warning:  A non-numeric value encountered in C:\Users\RPC45\Local Sites\my-site\app\public\wp-content\themes\my_blog\index.php on line 92
[22-Apr-2021 04:08:46 UTC] PHP Stack trace:
[22-Apr-2021 04:08:46 UTC] PHP   1. {main}() C:\Users\RPC45\Local Sites\my-site\app\public\index.php:0
[22-Apr-2021 04:08:46 UTC] PHP   2. require() C:\Users\RPC45\Local Sites\my-site\app\public\index.php:17
[22-Apr-2021 04:08:46 UTC] PHP   3. require_once() C:\Users\RPC45\Local Sites\my-site\app\public\wp-blog-header.php:19
[22-Apr-2021 04:08:46 UTC] PHP   4. include() C:\Users\RPC45\Local Sites\my-site\app\public\wp-includes\template-loader.php:106
[22-Apr-2021 04:08:46 UTC] PHP Warning:  A non-numeric value encountered in C:\Users\RPC45\Local Sites\my-site\app\public\wp-content\themes\my_blog\index.php on line 92
[22-Apr-2021 04:08:46 UTC] PHP Stack trace:
[22-Apr-2021 04:08:46 UTC] PHP   1. {main}() C:\Users\RPC45\Local Sites\my-site\app\public\index.php:0
[22-Apr-2021 04:08:46 UTC] PHP   2. require() C:\Users\RPC45\Local Sites\my-site\app\public\index.php:17
[22-Apr-2021 04:08:46 UTC] PHP   3. require_once() C:\Users\RPC45\Local Sites\my-site\app\public\wp-blog-header.php:19
[22-Apr-2021 04:08:46 UTC] PHP   4. include() C:\Users\RPC45\Local Sites\my-site\app\public\wp-includes\template-loader.php:106
[22-Apr-2021 04:08:46 UTC] PHP Warning:  Division by zero in C:\Users\RPC45\Local Sites\my-site\app\public\wp-content\themes\my_blog\index.php on line 92
[22-Apr-2021 04:08:46 UTC] PHP Stack trace:
[22-Apr-2021 04:08:46 UTC] PHP   1. {main}() C:\Users\RPC45\Local Sites\my-site\app\public\index.php:0
[22-Apr-2021 04:08:46 UTC] PHP   2. require() C:\Users\RPC45\Local Sites\my-site\app\public\index.php:17
[22-Apr-2021 04:08:46 UTC] PHP   3. require_once() C:\Users\RPC45\Local Sites\my-site\app\public\wp-blog-header.php:19
[22-Apr-2021 04:08:46 UTC] PHP   4. include() C:\Users\RPC45\Local Sites\my-site\app\public\wp-includes\template-loader.php:106
[22-Apr-2021 04:08:46 UTC] PHP Warning:  Use of undefined constant D - assumed 'D' (this will throw an Error in a future version of PHP) in C:\Users\RPC45\Local Sites\my-site\app\public\wp-content\themes\my_blog\index.php on line 92
[22-Apr-2021 04:08:46 UTC] PHP Stack trace:
[22-Apr-2021 04:08:46 UTC] PHP   1. {main}() C:\Users\RPC45\Local Sites\my-site\app\public\index.php:0
[22-Apr-2021 04:08:46 UTC] PHP   2. require() C:\Users\RPC45\Local Sites\my-site\app\public\index.php:17
[22-Apr-2021 04:08:46 UTC] PHP   3. require_once() C:\Users\RPC45\Local Sites\my-site\app\public\wp-blog-header.php:19
[22-Apr-2021 04:08:46 UTC] PHP   4. include() C:\Users\RPC45\Local Sites\my-site\app\public\wp-includes\template-loader.php:106
[22-Apr-2021 04:08:46 UTC] PHP Warning:  A non-numeric value encountered in C:\Users\RPC45\Local Sites\my-site\app\public\wp-content\themes\my_blog\index.php on line 92
[22-Apr-2021 04:08:46 UTC] PHP Stack trace:
[22-Apr-2021 04:08:46 UTC] PHP   1. {main}() C:\Users\RPC45\Local Sites\my-site\app\public\index.php:0
[22-Apr-2021 04:08:46 UTC] PHP   2. require() C:\Users\RPC45\Local Sites\my-site\app\public\index.php:17
[22-Apr-2021 04:08:46 UTC] PHP   3. require_once() C:\Users\RPC45\Local Sites\my-site\app\public\wp-blog-header.php:19
[22-Apr-2021 04:08:46 UTC] PHP   4. include() C:\Users\RPC45\Local Sites\my-site\app\public\wp-includes\template-loader.php:106
[22-Apr-2021 04:08:46 UTC] PHP Warning:  Division by zero in C:\Users\RPC45\Local Sites\my-site\app\public\wp-content\themes\my_blog\index.php on line 92
[22-Apr-2021 04:08:46 UTC] PHP Stack trace:
[22-Apr-2021 04:08:46 UTC] PHP   1. {main}() C:\Users\RPC45\Local Sites\my-site\app\public\index.php:0
[22-Apr-2021 04:08:46 UTC] PHP   2. require() C:\Users\RPC45\Local Sites\my-site\app\public\index.php:17
[22-Apr-2021 04:08:46 UTC] PHP   3. require_once() C:\Users\RPC45\Local Sites\my-site\app\public\wp-blog-header.php:19
[22-Apr-2021 04:08:46 UTC] PHP   4. include() C:\Users\RPC45\Local Sites\my-site\app\public\wp-includes\template-loader.php:106
[22-Apr-2021 04:08:46 UTC] PHP Warning:  Use of undefined constant Y - assumed 'Y' (this will throw an Error in a future version of PHP) in C:\Users\RPC45\Local Sites\my-site\app\public\wp-content\themes\my_blog\index.php on line 92
[22-Apr-2021 04:08:46 UTC] PHP Stack trace:
[22-Apr-2021 04:08:46 UTC] PHP   1. {main}() C:\Users\RPC45\Local Sites\my-site\app\public\index.php:0
[22-Apr-2021 04:08:46 UTC] PHP   2. require() C:\Users\RPC45\Local Sites\my-site\app\public\index.php:17
[22-Apr-2021 04:08:46 UTC] PHP   3. require_once() C:\Users\RPC45\Local Sites\my-site\app\public\wp-blog-header.php:19
[22-Apr-2021 04:08:46 UTC] PHP   4. include() C:\Users\RPC45\Local Sites\my-site\app\public\wp-includes\template-loader.php:106
[22-Apr-2021 04:08:46 UTC] PHP Warning:  Use of undefined constant M - assumed 'M' (this will throw an Error in a future version of PHP) in C:\Users\RPC45\Local Sites\my-site\app\public\wp-content\themes\my_blog\index.php on line 92
[22-Apr-2021 04:08:46 UTC] PHP Stack trace:
[22-Apr-2021 04:08:46 UTC] PHP   1. {main}() C:\Users\RPC45\Local Sites\my-site\app\public\index.php:0
[22-Apr-2021 04:08:46 UTC] PHP   2. require() C:\Users\RPC45\Local Sites\my-site\app\public\index.php:17
[22-Apr-2021 04:08:46 UTC] PHP   3. require_once() C:\Users\RPC45\Local Sites\my-site\app\public\wp-blog-header.php:19
[22-Apr-2021 04:08:46 UTC] PHP   4. include() C:\Users\RPC45\Local Sites\my-site\app\public\wp-includes\template-loader.php:106
[22-Apr-2021 04:08:46 UTC] PHP Warning:  A non-numeric value encountered in C:\Users\RPC45\Local Sites\my-site\app\public\wp-content\themes\my_blog\index.php on line 92
[22-Apr-2021 04:08:46 UTC] PHP Stack trace:
[22-Apr-2021 04:08:46 UTC] PHP   1. {main}() C:\Users\RPC45\Local Sites\my-site\app\public\index.php:0
[22-Apr-2021 04:08:46 UTC] PHP   2. require() C:\Users\RPC45\Local Sites\my-site\app\public\index.php:17
[22-Apr-2021 04:08:46 UTC] PHP   3. require_once() C:\Users\RPC45\Local Sites\my-site\app\public\wp-blog-header.php:19
[22-Apr-2021 04:08:46 UTC] PHP   4. include() C:\Users\RPC45\Local Sites\my-site\app\public\wp-includes\template-loader.php:106
[22-Apr-2021 04:08:46 UTC] PHP Warning:  A non-numeric value encountered in C:\Users\RPC45\Local Sites\my-site\app\public\wp-content\themes\my_blog\index.php on line 92
[22-Apr-2021 04:08:46 UTC] PHP Stack trace:
[22-Apr-2021 04:08:46 UTC] PHP   1. {main}() C:\Users\RPC45\Local Sites\my-site\app\public\index.php:0
[22-Apr-2021 04:08:46 UTC] PHP   2. require() C:\Users\RPC45\Local Sites\my-site\app\public\index.php:17
[22-Apr-2021 04:08:46 UTC] PHP   3. require_once() C:\Users\RPC45\Local Sites\my-site\app\public\wp-blog-header.php:19
[22-Apr-2021 04:08:46 UTC] PHP   4. include() C:\Users\RPC45\Local Sites\my-site\app\public\wp-includes\template-loader.php:106
[22-Apr-2021 04:08:46 UTC] PHP Warning:  Division by zero in C:\Users\RPC45\Local Sites\my-site\app\public\wp-content\themes\my_blog\index.php on line 92
[22-Apr-2021 04:08:46 UTC] PHP Stack trace:
[22-Apr-2021 04:08:46 UTC] PHP   1. {main}() C:\Users\RPC45\Local Sites\my-site\app\public\index.php:0
[22-Apr-2021 04:08:46 UTC] PHP   2. require() C:\Users\RPC45\Local Sites\my-site\app\public\index.php:17
[22-Apr-2021 04:08:46 UTC] PHP   3. require_once() C:\Users\RPC45\Local Sites\my-site\app\public\wp-blog-header.php:19
[22-Apr-2021 04:08:46 UTC] PHP   4. include() C:\Users\RPC45\Local Sites\my-site\app\public\wp-includes\template-loader.php:106
[22-Apr-2021 04:08:46 UTC] PHP Warning:  Use of undefined constant D - assumed 'D' (this will throw an Error in a future version of PHP) in C:\Users\RPC45\Local Sites\my-site\app\public\wp-content\themes\my_blog\index.php on line 92
[22-Apr-2021 04:08:46 UTC] PHP Stack trace:
[22-Apr-2021 04:08:46 UTC] PHP   1. {main}() C:\Users\RPC45\Local Sites\my-site\app\public\index.php:0
[22-Apr-2021 04:08:46 UTC] PHP   2. require() C:\Users\RPC45\Local Sites\my-site\app\public\index.php:17
[22-Apr-2021 04:08:46 UTC] PHP   3. require_once() C:\Users\RPC45\Local Sites\my-site\app\public\wp-blog-header.php:19
[22-Apr-2021 04:08:46 UTC] PHP   4. include() C:\Users\RPC45\Local Sites\my-site\app\public\wp-includes\template-loader.php:106
[22-Apr-2021 04:08:46 UTC] PHP Warning:  A non-numeric value encountered in C:\Users\RPC45\Local Sites\my-site\app\public\wp-content\themes\my_blog\index.php on line 92
[22-Apr-2021 04:08:46 UTC] PHP Stack trace:
[22-Apr-2021 04:08:46 UTC] PHP   1. {main}() C:\Users\RPC45\Local Sites\my-site\app\public\index.php:0
[22-Apr-2021 04:08:46 UTC] PHP   2. require() C:\Users\RPC45\Local Sites\my-site\app\public\index.php:17
[22-Apr-2021 04:08:46 UTC] PHP   3. require_once() C:\Users\RPC45\Local Sites\my-site\app\public\wp-blog-header.php:19
[22-Apr-2021 04:08:46 UTC] PHP   4. include() C:\Users\RPC45\Local Sites\my-site\app\public\wp-includes\template-loader.php:106
[22-Apr-2021 04:08:46 UTC] PHP Warning:  Division by zero in C:\Users\RPC45\Local Sites\my-site\app\public\wp-content\themes\my_blog\index.php on line 92
[22-Apr-2021 04:08:46 UTC] PHP Stack trace:
[22-Apr-2021 04:08:46 UTC] PHP   1. {main}() C:\Users\RPC45\Local Sites\my-site\app\public\index.php:0
[22-Apr-2021 04:08:46 UTC] PHP   2. require() C:\Users\RPC45\Local Sites\my-site\app\public\index.php:17
[22-Apr-2021 04:08:46 UTC] PHP   3. require_once() C:\Users\RPC45\Local Sites\my-site\app\public\wp-blog-header.php:19
[22-Apr-2021 04:08:46 UTC] PHP   4. include() C:\Users\RPC45\Local Sites\my-site\app\public\wp-includes\template-loader.php:106
[22-Apr-2021 04:08:46 UTC] PHP Warning:  Use of undefined constant Y - assumed 'Y' (this will throw an Error in a future version of PHP) in C:\Users\RPC45\Local Sites\my-site\app\public\wp-content\themes\my_blog\index.php on line 92
[22-Apr-2021 04:08:46 UTC] PHP Stack trace:
[22-Apr-2021 04:08:46 UTC] PHP   1. {main}() C:\Users\RPC45\Local Sites\my-site\app\public\index.php:0
[22-Apr-2021 04:08:46 UTC] PHP   2. require() C:\Users\RPC45\Local Sites\my-site\app\public\index.php:17
[22-Apr-2021 04:08:46 UTC] PHP   3. require_once() C:\Users\RPC45\Local Sites\my-site\app\public\wp-blog-header.php:19
[22-Apr-2021 04:08:46 UTC] PHP   4. include() C:\Users\RPC45\Local Sites\my-site\app\public\wp-includes\template-loader.php:106
[22-Apr-2021 04:08:46 UTC] PHP Warning:  Use of undefined constant M - assumed 'M' (this will throw an Error in a future version of PHP) in C:\Users\RPC45\Local Sites\my-site\app\public\wp-content\themes\my_blog\index.php on line 92
[22-Apr-2021 04:08:46 UTC] PHP Stack trace:
[22-Apr-2021 04:08:46 UTC] PHP   1. {main}() C:\Users\RPC45\Local Sites\my-site\app\public\index.php:0
[22-Apr-2021 04:08:46 UTC] PHP   2. require() C:\Users\RPC45\Local Sites\my-site\app\public\index.php:17
[22-Apr-2021 04:08:46 UTC] PHP   3. require_once() C:\Users\RPC45\Local Sites\my-site\app\public\wp-blog-header.php:19
[22-Apr-2021 04:08:46 UTC] PHP   4. include() C:\Users\RPC45\Local Sites\my-site\app\public\wp-includes\template-loader.php:106
[22-Apr-2021 04:08:46 UTC] PHP Warning:  A non-numeric value encountered in C:\Users\RPC45\Local Sites\my-site\app\public\wp-content\themes\my_blog\index.php on line 92
[22-Apr-2021 04:08:46 UTC] PHP Stack trace:
[22-Apr-2021 04:08:46 UTC] PHP   1. {main}() C:\Users\RPC45\Local Sites\my-site\app\public\index.php:0
[22-Apr-2021 04:08:46 UTC] PHP   2. require() C:\Users\RPC45\Local Sites\my-site\app\public\index.php:17
[22-Apr-2021 04:08:46 UTC] PHP   3. require_once() C:\Users\RPC45\Local Sites\my-site\app\public\wp-blog-header.php:19
[22-Apr-2021 04:08:47 UTC] PHP   4. include() C:\Users\RPC45\Local Sites\my-site\app\public\wp-includes\template-loader.php:106
[22-Apr-2021 04:08:47 UTC] PHP Warning:  A non-numeric value encountered in C:\Users\RPC45\Local Sites\my-site\app\public\wp-content\themes\my_blog\index.php on line 92
[22-Apr-2021 04:08:47 UTC] PHP Stack trace:
[22-Apr-2021 04:08:47 UTC] PHP   1. {main}() C:\Users\RPC45\Local Sites\my-site\app\public\index.php:0
[22-Apr-2021 04:08:47 UTC] PHP   2. require() C:\Users\RPC45\Local Sites\my-site\app\public\index.php:17
[22-Apr-2021 04:08:47 UTC] PHP   3. require_once() C:\Users\RPC45\Local Sites\my-site\app\public\wp-blog-header.php:19
[22-Apr-2021 04:08:47 UTC] PHP   4. include() C:\Users\RPC45\Local Sites\my-site\app\public\wp-includes\template-loader.php:106
[22-Apr-2021 04:08:47 UTC] PHP Warning:  Division by zero in C:\Users\RPC45\Local Sites\my-site\app\public\wp-content\themes\my_blog\index.php on line 92
[22-Apr-2021 04:08:47 UTC] PHP Stack trace:
[22-Apr-2021 04:08:47 UTC] PHP   1. {main}() C:\Users\RPC45\Local Sites\my-site\app\public\index.php:0
[22-Apr-2021 04:08:47 UTC] PHP   2. require() C:\Users\RPC45\Local Sites\my-site\app\public\index.php:17
[22-Apr-2021 04:08:47 UTC] PHP   3. require_once() C:\Users\RPC45\Local Sites\my-site\app\public\wp-blog-header.php:19
[22-Apr-2021 04:08:47 UTC] PHP   4. include() C:\Users\RPC45\Local Sites\my-site\app\public\wp-includes\template-loader.php:106
[22-Apr-2021 04:08:47 UTC] PHP Warning:  Use of undefined constant D - assumed 'D' (this will throw an Error in a future version of PHP) in C:\Users\RPC45\Local Sites\my-site\app\public\wp-content\themes\my_blog\index.php on line 92
[22-Apr-2021 04:08:47 UTC] PHP Stack trace:
[22-Apr-2021 04:08:47 UTC] PHP   1. {main}() C:\Users\RPC45\Local Sites\my-site\app\public\index.php:0
[22-Apr-2021 04:08:47 UTC] PHP   2. require() C:\Users\RPC45\Local Sites\my-site\app\public\index.php:17
[22-Apr-2021 04:08:47 UTC] PHP   3. require_once() C:\Users\RPC45\Local Sites\my-site\app\public\wp-blog-header.php:19
[22-Apr-2021 04:08:47 UTC] PHP   4. include() C:\Users\RPC45\Local Sites\my-site\app\public\wp-includes\template-loader.php:106
[22-Apr-2021 04:08:47 UTC] PHP Warning:  A non-numeric value encountered in C:\Users\RPC45\Local Sites\my-site\app\public\wp-content\themes\my_blog\index.php on line 92
[22-Apr-2021 04:08:47 UTC] PHP Stack trace:
[22-Apr-2021 04:08:47 UTC] PHP   1. {main}() C:\Users\RPC45\Local Sites\my-site\app\public\index.php:0
[22-Apr-2021 04:08:47 UTC] PHP   2. require() C:\Users\RPC45\Local Sites\my-site\app\public\index.php:17
[22-Apr-2021 04:08:47 UTC] PHP   3. require_once() C:\Users\RPC45\Local Sites\my-site\app\public\wp-blog-header.php:19
[22-Apr-2021 04:08:47 UTC] PHP   4. include() C:\Users\RPC45\Local Sites\my-site\app\public\wp-includes\template-loader.php:106
[22-Apr-2021 04:08:47 UTC] PHP Warning:  Division by zero in C:\Users\RPC45\Local Sites\my-site\app\public\wp-content\themes\my_blog\index.php on line 92
[22-Apr-2021 04:08:47 UTC] PHP Stack trace:
[22-Apr-2021 04:08:47 UTC] PHP   1. {main}() C:\Users\RPC45\Local Sites\my-site\app\public\index.php:0
[22-Apr-2021 04:08:47 UTC] PHP   2. require() C:\Users\RPC45\Local Sites\my-site\app\public\index.php:17
[22-Apr-2021 04:08:47 UTC] PHP   3. require_once() C:\Users\RPC45\Local Sites\my-site\app\public\wp-blog-header.php:19
[22-Apr-2021 04:08:47 UTC] PHP   4. include() C:\Users\RPC45\Local Sites\my-site\app\public\wp-includes\template-loader.php:106
[22-Apr-2021 04:08:47 UTC] PHP Warning:  Use of undefined constant Y - assumed 'Y' (this will throw an Error in a future version of PHP) in C:\Users\RPC45\Local Sites\my-site\app\public\wp-content\themes\my_blog\index.php on line 92
[22-Apr-2021 04:08:47 UTC] PHP Stack trace:
[22-Apr-2021 04:08:47 UTC] PHP   1. {main}() C:\Users\RPC45\Local Sites\my-site\app\public\index.php:0
[22-Apr-2021 04:08:47 UTC] PHP   2. require() C:\Users\RPC45\Local Sites\my-site\app\public\index.php:17
[22-Apr-2021 04:08:47 UTC] PHP   3. require_once() C:\Users\RPC45\Local Sites\my-site\app\public\wp-blog-header.php:19
[22-Apr-2021 04:08:47 UTC] PHP   4. include() C:\Users\RPC45\Local Sites\my-site\app\public\wp-includes\template-loader.php:106
[22-Apr-2021 04:08:47 UTC] PHP Warning:  Use of undefined constant M - assumed 'M' (this will throw an Error in a future version of PHP) in C:\Users\RPC45\Local Sites\my-site\app\public\wp-content\themes\my_blog\index.php on line 92
[22-Apr-2021 04:08:47 UTC] PHP Stack trace:
[22-Apr-2021 04:08:47 UTC] PHP   1. {main}() C:\Users\RPC45\Local Sites\my-site\app\public\index.php:0
[22-Apr-2021 04:08:47 UTC] PHP   2. require() C:\Users\RPC45\Local Sites\my-site\app\public\index.php:17
[22-Apr-2021 04:08:47 UTC] PHP   3. require_once() C:\Users\RPC45\Local Sites\my-site\app\public\wp-blog-header.php:19
[22-Apr-2021 04:08:47 UTC] PHP   4. include() C:\Users\RPC45\Local Sites\my-site\app\public\wp-includes\template-loader.php:106
[22-Apr-2021 04:08:47 UTC] PHP Warning:  A non-numeric value encountered in C:\Users\RPC45\Local Sites\my-site\app\public\wp-content\themes\my_blog\index.php on line 92
[22-Apr-2021 04:08:47 UTC] PHP Stack trace:
[22-Apr-2021 04:08:47 UTC] PHP   1. {main}() C:\Users\RPC45\Local Sites\my-site\app\public\index.php:0
[22-Apr-2021 04:08:47 UTC] PHP   2. require() C:\Users\RPC45\Local Sites\my-site\app\public\index.php:17
[22-Apr-2021 04:08:47 UTC] PHP   3. require_once() C:\Users\RPC45\Local Sites\my-site\app\public\wp-blog-header.php:19
[22-Apr-2021 04:08:47 UTC] PHP   4. include() C:\Users\RPC45\Local Sites\my-site\app\public\wp-includes\template-loader.php:106
[22-Apr-2021 04:08:47 UTC] PHP Warning:  A non-numeric value encountered in C:\Users\RPC45\Local Sites\my-site\app\public\wp-content\themes\my_blog\index.php on line 92
[22-Apr-2021 04:08:47 UTC] PHP Stack trace:
[22-Apr-2021 04:08:47 UTC] PHP   1. {main}() C:\Users\RPC45\Local Sites\my-site\app\public\index.php:0
[22-Apr-2021 04:08:47 UTC] PHP   2. require() C:\Users\RPC45\Local Sites\my-site\app\public\index.php:17
[22-Apr-2021 04:08:47 UTC] PHP   3. require_once() C:\Users\RPC45\Local Sites\my-site\app\public\wp-blog-header.php:19
[22-Apr-2021 04:08:47 UTC] PHP   4. include() C:\Users\RPC45\Local Sites\my-site\app\public\wp-includes\template-loader.php:106
[22-Apr-2021 04:08:47 UTC] PHP Warning:  Division by zero in C:\Users\RPC45\Local Sites\my-site\app\public\wp-content\themes\my_blog\index.php on line 92
[22-Apr-2021 04:08:47 UTC] PHP Stack trace:
[22-Apr-2021 04:08:47 UTC] PHP   1. {main}() C:\Users\RPC45\Local Sites\my-site\app\public\index.php:0
[22-Apr-2021 04:08:47 UTC] PHP   2. require() C:\Users\RPC45\Local Sites\my-site\app\public\index.php:17
[22-Apr-2021 04:08:47 UTC] PHP   3. require_once() C:\Users\RPC45\Local Sites\my-site\app\public\wp-blog-header.php:19
[22-Apr-2021 04:08:47 UTC] PHP   4. include() C:\Users\RPC45\Local Sites\my-site\app\public\wp-includes\template-loader.php:106
[22-Apr-2021 04:08:47 UTC] PHP Warning:  Use of undefined constant D - assumed 'D' (this will throw an Error in a future version of PHP) in C:\Users\RPC45\Local Sites\my-site\app\public\wp-content\themes\my_blog\index.php on line 92
[22-Apr-2021 04:08:47 UTC] PHP Stack trace:
[22-Apr-2021 04:08:47 UTC] PHP   1. {main}() C:\Users\RPC45\Local Sites\my-site\app\public\index.php:0
[22-Apr-2021 04:08:47 UTC] PHP   2. require() C:\Users\RPC45\Local Sites\my-site\app\public\index.php:17
[22-Apr-2021 04:08:47 UTC] PHP   3. require_once() C:\Users\RPC45\Local Sites\my-site\app\public\wp-blog-header.php:19
[22-Apr-2021 04:08:47 UTC] PHP   4. include() C:\Users\RPC45\Local Sites\my-site\app\public\wp-includes\template-loader.php:106
[22-Apr-2021 04:08:47 UTC] PHP Warning:  A non-numeric value encountered in C:\Users\RPC45\Local Sites\my-site\app\public\wp-content\themes\my_blog\index.php on line 92
[22-Apr-2021 04:08:47 UTC] PHP Stack trace:
[22-Apr-2021 04:08:47 UTC] PHP   1. {main}() C:\Users\RPC45\Local Sites\my-site\app\public\index.php:0
[22-Apr-2021 04:08:47 UTC] PHP   2. require() C:\Users\RPC45\Local Sites\my-site\app\public\index.php:17
[22-Apr-2021 04:08:47 UTC] PHP   3. require_once() C:\Users\RPC45\Local Sites\my-site\app\public\wp-blog-header.php:19
[22-Apr-2021 04:08:47 UTC] PHP   4. include() C:\Users\RPC45\Local Sites\my-site\app\public\wp-includes\template-loader.php:106
[22-Apr-2021 04:08:47 UTC] PHP Warning:  Division by zero in C:\Users\RPC45\Local Sites\my-site\app\public\wp-content\themes\my_blog\index.php on line 92
[22-Apr-2021 04:08:47 UTC] PHP Stack trace:
[22-Apr-2021 04:08:47 UTC] PHP   1. {main}() C:\Users\RPC45\Local Sites\my-site\app\public\index.php:0
[22-Apr-2021 04:08:47 UTC] PHP   2. require() C:\Users\RPC45\Local Sites\my-site\app\public\index.php:17
[22-Apr-2021 04:08:47 UTC] PHP   3. require_once() C:\Users\RPC45\Local Sites\my-site\app\public\wp-blog-header.php:19
[22-Apr-2021 04:08:47 UTC] PHP   4. include() C:\Users\RPC45\Local Sites\my-site\app\public\wp-includes\template-loader.php:106
[22-Apr-2021 04:08:47 UTC] PHP Warning:  Use of undefined constant Y - assumed 'Y' (this will throw an Error in a future version of PHP) in C:\Users\RPC45\Local Sites\my-site\app\public\wp-content\themes\my_blog\index.php on line 92
[22-Apr-2021 04:08:47 UTC] PHP Stack trace:
[22-Apr-2021 04:08:47 UTC] PHP   1. {main}() C:\Users\RPC45\Local Sites\my-site\app\public\index.php:0
[22-Apr-2021 04:08:47 UTC] PHP   2. require() C:\Users\RPC45\Local Sites\my-site\app\public\index.php:17
[22-Apr-2021 04:08:47 UTC] PHP   3. require_once() C:\Users\RPC45\Local Sites\my-site\app\public\wp-blog-header.php:19
[22-Apr-2021 04:08:47 UTC] PHP   4. include() C:\Users\RPC45\Local Sites\my-site\app\public\wp-includes\template-loader.php:106
[22-Apr-2021 04:08:47 UTC] PHP Warning:  Use of undefined constant M - assumed 'M' (this will throw an Error in a future version of PHP) in C:\Users\RPC45\Local Sites\my-site\app\public\wp-content\themes\my_blog\index.php on line 92
[22-Apr-2021 04:08:47 UTC] PHP Stack trace:
[22-Apr-2021 04:08:47 UTC] PHP   1. {main}() C:\Users\RPC45\Local Sites\my-site\app\public\index.php:0
[22-Apr-2021 04:08:47 UTC] PHP   2. require() C:\Users\RPC45\Local Sites\my-site\app\public\index.php:17
[22-Apr-2021 04:08:47 UTC] PHP   3. require_once() C:\Users\RPC45\Local Sites\my-site\app\public\wp-blog-header.php:19
[22-Apr-2021 04:08:47 UTC] PHP   4. include() C:\Users\RPC45\Local Sites\my-site\app\public\wp-includes\template-loader.php:106
[22-Apr-2021 04:08:47 UTC] PHP Warning:  A non-numeric value encountered in C:\Users\RPC45\Local Sites\my-site\app\public\wp-content\themes\my_blog\index.php on line 92
[22-Apr-2021 04:08:47 UTC] PHP Stack trace:
[22-Apr-2021 04:08:47 UTC] PHP   1. {main}() C:\Users\RPC45\Local Sites\my-site\app\public\index.php:0
[22-Apr-2021 04:08:47 UTC] PHP   2. require() C:\Users\RPC45\Local Sites\my-site\app\public\index.php:17
[22-Apr-2021 04:08:47 UTC] PHP   3. require_once() C:\Users\RPC45\Local Sites\my-site\app\public\wp-blog-header.php:19
[22-Apr-2021 04:08:47 UTC] PHP   4. include() C:\Users\RPC45\Local Sites\my-site\app\public\wp-includes\template-loader.php:106
[22-Apr-2021 04:08:47 UTC] PHP Warning:  A non-numeric value encountered in C:\Users\RPC45\Local Sites\my-site\app\public\wp-content\themes\my_blog\index.php on line 92
[22-Apr-2021 04:08:47 UTC] PHP Stack trace:
[22-Apr-2021 04:08:47 UTC] PHP   1. {main}() C:\Users\RPC45\Local Sites\my-site\app\public\index.php:0
[22-Apr-2021 04:08:47 UTC] PHP   2. require() C:\Users\RPC45\Local Sites\my-site\app\public\index.php:17
[22-Apr-2021 04:08:47 UTC] PHP   3. require_once() C:\Users\RPC45\Local Sites\my-site\app\public\wp-blog-header.php:19
[22-Apr-2021 04:08:47 UTC] PHP   4. include() C:\Users\RPC45\Local Sites\my-site\app\public\wp-includes\template-loader.php:106
[22-Apr-2021 04:08:47 UTC] PHP Warning:  Division by zero in C:\Users\RPC45\Local Sites\my-site\app\public\wp-content\themes\my_blog\index.php on line 92
[22-Apr-2021 04:08:47 UTC] PHP Stack trace:
[22-Apr-2021 04:08:47 UTC] PHP   1. {main}() C:\Users\RPC45\Local Sites\my-site\app\public\index.php:0
[22-Apr-2021 04:08:47 UTC] PHP   2. require() C:\Users\RPC45\Local Sites\my-site\app\public\index.php:17
[22-Apr-2021 04:08:47 UTC] PHP   3. require_once() C:\Users\RPC45\Local Sites\my-site\app\public\wp-blog-header.php:19
[22-Apr-2021 04:08:47 UTC] PHP   4. include() C:\Users\RPC45\Local Sites\my-site\app\public\wp-includes\template-loader.php:106
[22-Apr-2021 04:08:47 UTC] PHP Warning:  Use of undefined constant D - assumed 'D' (this will throw an Error in a future version of PHP) in C:\Users\RPC45\Local Sites\my-site\app\public\wp-content\themes\my_blog\index.php on line 92
[22-Apr-2021 04:08:47 UTC] PHP Stack trace:
[22-Apr-2021 04:08:47 UTC] PHP   1. {main}() C:\Users\RPC45\Local Sites\my-site\app\public\index.php:0
[22-Apr-2021 04:08:47 UTC] PHP   2. require() C:\Users\RPC45\Local Sites\my-site\app\public\index.php:17
[22-Apr-2021 04:08:47 UTC] PHP   3. require_once() C:\Users\RPC45\Local Sites\my-site\app\public\wp-blog-header.php:19
[22-Apr-2021 04:08:47 UTC] PHP   4. include() C:\Users\RPC45\Local Sites\my-site\app\public\wp-includes\template-loader.php:106
[22-Apr-2021 04:08:47 UTC] PHP Warning:  A non-numeric value encountered in C:\Users\RPC45\Local Sites\my-site\app\public\wp-content\themes\my_blog\index.php on line 92
[22-Apr-2021 04:08:47 UTC] PHP Stack trace:
[22-Apr-2021 04:08:47 UTC] PHP   1. {main}() C:\Users\RPC45\Local Sites\my-site\app\public\index.php:0
[22-Apr-2021 04:08:47 UTC] PHP   2. require() C:\Users\RPC45\Local Sites\my-site\app\public\index.php:17
[22-Apr-2021 04:08:47 UTC] PHP   3. require_once() C:\Users\RPC45\Local Sites\my-site\app\public\wp-blog-header.php:19
[22-Apr-2021 04:08:47 UTC] PHP   4. include() C:\Users\RPC45\Local Sites\my-site\app\public\wp-includes\template-loader.php:106
[22-Apr-2021 04:08:47 UTC] PHP Warning:  Division by zero in C:\Users\RPC45\Local Sites\my-site\app\public\wp-content\themes\my_blog\index.php on line 92
[22-Apr-2021 04:08:47 UTC] PHP Stack trace:
[22-Apr-2021 04:08:47 UTC] PHP   1. {main}() C:\Users\RPC45\Local Sites\my-site\app\public\index.php:0
[22-Apr-2021 04:08:47 UTC] PHP   2. require() C:\Users\RPC45\Local Sites\my-site\app\public\index.php:17
[22-Apr-2021 04:08:47 UTC] PHP   3. require_once() C:\Users\RPC45\Local Sites\my-site\app\public\wp-blog-header.php:19
[22-Apr-2021 04:08:47 UTC] PHP   4. include() C:\Users\RPC45\Local Sites\my-site\app\public\wp-includes\template-loader.php:106
[22-Apr-2021 04:08:47 UTC] PHP Warning:  Use of undefined constant Y - assumed 'Y' (this will throw an Error in a future version of PHP) in C:\Users\RPC45\Local Sites\my-site\app\public\wp-content\themes\my_blog\index.php on line 92
[22-Apr-2021 04:08:47 UTC] PHP Stack trace:
[22-Apr-2021 04:08:47 UTC] PHP   1. {main}() C:\Users\RPC45\Local Sites\my-site\app\public\index.php:0
[22-Apr-2021 04:08:47 UTC] PHP   2. require() C:\Users\RPC45\Local Sites\my-site\app\public\index.php:17
[22-Apr-2021 04:08:47 UTC] PHP   3. require_once() C:\Users\RPC45\Local Sites\my-site\app\public\wp-blog-header.php:19
[22-Apr-2021 04:08:47 UTC] PHP   4. include() C:\Users\RPC45\Local Sites\my-site\app\public\wp-includes\template-loader.php:106
[22-Apr-2021 04:08:47 UTC] PHP Warning:  Use of undefined constant M - assumed 'M' (this will throw an Error in a future version of PHP) in C:\Users\RPC45\Local Sites\my-site\app\public\wp-content\themes\my_blog\index.php on line 92
[22-Apr-2021 04:08:47 UTC] PHP Stack trace:
[22-Apr-2021 04:08:47 UTC] PHP   1. {main}() C:\Users\RPC45\Local Sites\my-site\app\public\index.php:0
[22-Apr-2021 04:08:47 UTC] PHP   2. require() C:\Users\RPC45\Local Sites\my-site\app\public\index.php:17
[22-Apr-2021 04:08:47 UTC] PHP   3. require_once() C:\Users\RPC45\Local Sites\my-site\app\public\wp-blog-header.php:19
[22-Apr-2021 04:08:47 UTC] PHP   4. include() C:\Users\RPC45\Local Sites\my-site\app\public\wp-includes\template-loader.php:106
[22-Apr-2021 04:08:47 UTC] PHP Warning:  A non-numeric value encountered in C:\Users\RPC45\Local Sites\my-site\app\public\wp-content\themes\my_blog\index.php on line 92
[22-Apr-2021 04:08:47 UTC] PHP Stack trace:
[22-Apr-2021 04:08:47 UTC] PHP   1. {main}() C:\Users\RPC45\Local Sites\my-site\app\public\index.php:0
[22-Apr-2021 04:08:47 UTC] PHP   2. require() C:\Users\RPC45\Local Sites\my-site\app\public\index.php:17
[22-Apr-2021 04:08:47 UTC] PHP   3. require_once() C:\Users\RPC45\Local Sites\my-site\app\public\wp-blog-header.php:19
[22-Apr-2021 04:08:47 UTC] PHP   4. include() C:\Users\RPC45\Local Sites\my-site\app\public\wp-includes\template-loader.php:106
[22-Apr-2021 04:08:47 UTC] PHP Warning:  A non-numeric value encountered in C:\Users\RPC45\Local Sites\my-site\app\public\wp-content\themes\my_blog\index.php on line 92
[22-Apr-2021 04:08:47 UTC] PHP Stack trace:
[22-Apr-2021 04:08:47 UTC] PHP   1. {main}() C:\Users\RPC45\Local Sites\my-site\app\public\index.php:0
[22-Apr-2021 04:08:47 UTC] PHP   2. require() C:\Users\RPC45\Local Sites\my-site\app\public\index.php:17
[22-Apr-2021 04:08:47 UTC] PHP   3. require_once() C:\Users\RPC45\Local Sites\my-site\app\public\wp-blog-header.php:19
[22-Apr-2021 04:08:47 UTC] PHP   4. include() C:\Users\RPC45\Local Sites\my-site\app\public\wp-includes\template-loader.php:106
[22-Apr-2021 04:08:47 UTC] PHP Warning:  Division by zero in C:\Users\RPC45\Local Sites\my-site\app\public\wp-content\themes\my_blog\index.php on line 92
[22-Apr-2021 04:08:47 UTC] PHP Stack trace:
[22-Apr-2021 04:08:47 UTC] PHP   1. {main}() C:\Users\RPC45\Local Sites\my-site\app\public\index.php:0
[22-Apr-2021 04:08:47 UTC] PHP   2. require() C:\Users\RPC45\Local Sites\my-site\app\public\index.php:17
[22-Apr-2021 04:08:47 UTC] PHP   3. require_once() C:\Users\RPC45\Local Sites\my-site\app\public\wp-blog-header.php:19
[22-Apr-2021 04:08:47 UTC] PHP   4. include() C:\Users\RPC45\Local Sites\my-site\app\public\wp-includes\template-loader.php:106
[22-Apr-2021 04:08:47 UTC] PHP Warning:  Use of undefined constant D - assumed 'D' (this will throw an Error in a future version of PHP) in C:\Users\RPC45\Local Sites\my-site\app\public\wp-content\themes\my_blog\index.php on line 92
[22-Apr-2021 04:08:47 UTC] PHP Stack trace:
[22-Apr-2021 04:08:47 UTC] PHP   1. {main}() C:\Users\RPC45\Local Sites\my-site\app\public\index.php:0
[22-Apr-2021 04:08:47 UTC] PHP   2. require() C:\Users\RPC45\Local Sites\my-site\app\public\index.php:17
[22-Apr-2021 04:08:47 UTC] PHP   3. require_once() C:\Users\RPC45\Local Sites\my-site\app\public\wp-blog-header.php:19
[22-Apr-2021 04:08:47 UTC] PHP   4. include() C:\Users\RPC45\Local Sites\my-site\app\public\wp-includes\template-loader.php:106
[22-Apr-2021 04:08:47 UTC] PHP Warning:  A non-numeric value encountered in C:\Users\RPC45\Local Sites\my-site\app\public\wp-content\themes\my_blog\index.php on line 92
[22-Apr-2021 04:08:47 UTC] PHP Stack trace:
[22-Apr-2021 04:08:47 UTC] PHP   1. {main}() C:\Users\RPC45\Local Sites\my-site\app\public\index.php:0
[22-Apr-2021 04:08:47 UTC] PHP   2. require() C:\Users\RPC45\Local Sites\my-site\app\public\index.php:17
[22-Apr-2021 04:08:47 UTC] PHP   3. require_once() C:\Users\RPC45\Local Sites\my-site\app\public\wp-blog-header.php:19
[22-Apr-2021 04:08:47 UTC] PHP   4. include() C:\Users\RPC45\Local Sites\my-site\app\public\wp-includes\template-loader.php:106
[22-Apr-2021 04:08:47 UTC] PHP Warning:  Division by zero in C:\Users\RPC45\Local Sites\my-site\app\public\wp-content\themes\my_blog\index.php on line 92
[22-Apr-2021 04:08:47 UTC] PHP Stack trace:
[22-Apr-2021 04:08:47 UTC] PHP   1. {main}() C:\Users\RPC45\Local Sites\my-site\app\public\index.php:0
[22-Apr-2021 04:08:47 UTC] PHP   2. require() C:\Users\RPC45\Local Sites\my-site\app\public\index.php:17
[22-Apr-2021 04:08:47 UTC] PHP   3. require_once() C:\Users\RPC45\Local Sites\my-site\app\public\wp-blog-header.php:19
[22-Apr-2021 04:08:47 UTC] PHP   4. include() C:\Users\RPC45\Local Sites\my-site\app\public\wp-includes\template-loader.php:106
